{"E:\\Relevel Class\\RIVISION\\Revision Back-End\\CRM\\configs\\auth.config.js": {"path":"E:\\Relevel Class\\RIVISION\\Revision Back-End\\CRM\\configs\\auth.config.js","statementMap":{"0":{"start":{"line":1,"column":0},"end":{"line":3,"column":1}}},"fnMap":{},"branchMap":{},"s":{"0":1},"f":{},"b":{},"_coverageSchema":"1a1c01bbd47fc00a2c39e90264f33305004495a9","hash":"5acb5337eb512c67c9efa71216e7cb02b55c8430"}
,"E:\\Relevel Class\\RIVISION\\Revision Back-End\\CRM\\controllers\\auth.controller.js": {"path":"E:\\Relevel Class\\RIVISION\\Revision Back-End\\CRM\\controllers\\auth.controller.js","statementMap":{"0":{"start":{"line":1,"column":13},"end":{"line":1,"column":44}},"1":{"start":{"line":2,"column":22},"end":{"line":2,"column":51}},"2":{"start":{"line":3,"column":18},"end":{"line":3,"column":47}},"3":{"start":{"line":4,"column":15},"end":{"line":4,"column":34}},"4":{"start":{"line":5,"column":12},"end":{"line":5,"column":35}},"5":{"start":{"line":6,"column":15},"end":{"line":6,"column":48}},"6":{"start":{"line":8,"column":0},"end":{"line":42,"column":1}},"7":{"start":{"line":10,"column":4},"end":{"line":15,"column":5}},"8":{"start":{"line":12,"column":8},"end":{"line":12,"column":49}},"9":{"start":{"line":14,"column":8},"end":{"line":14,"column":50}},"10":{"start":{"line":16,"column":18},"end":{"line":23,"column":5}},"11":{"start":{"line":24,"column":4},"end":{"line":39,"column":5}},"12":{"start":{"line":25,"column":26},"end":{"line":25,"column":52}},"13":{"start":{"line":26,"column":27},"end":{"line":32,"column":9}},"14":{"start":{"line":33,"column":8},"end":{"line":33,"column":43}},"15":{"start":{"line":36,"column":8},"end":{"line":38,"column":10}},"16":{"start":{"line":45,"column":0},"end":{"line":90,"column":1}},"17":{"start":{"line":46,"column":16},"end":{"line":46,"column":60}},"18":{"start":{"line":47,"column":4},"end":{"line":52,"column":5}},"19":{"start":{"line":48,"column":8},"end":{"line":50,"column":10}},"20":{"start":{"line":51,"column":8},"end":{"line":51,"column":15}},"21":{"start":{"line":53,"column":4},"end":{"line":57,"column":5}},"22":{"start":{"line":54,"column":8},"end":{"line":56,"column":10}},"23":{"start":{"line":58,"column":22},"end":{"line":62,"column":5}},"24":{"start":{"line":63,"column":4},"end":{"line":69,"column":5}},"25":{"start":{"line":64,"column":8},"end":{"line":67,"column":10}},"26":{"start":{"line":68,"column":8},"end":{"line":68,"column":15}},"27":{"start":{"line":70,"column":14},"end":{"line":72,"column":6}},"28":{"start":{"line":82,"column":4},"end":{"line":89,"column":6}}},"fnMap":{"0":{"name":"(anonymous_0)","decl":{"start":{"line":8,"column":17},"end":{"line":8,"column":18}},"loc":{"start":{"line":8,"column":37},"end":{"line":42,"column":1}},"line":8},"1":{"name":"(anonymous_1)","decl":{"start":{"line":45,"column":15},"end":{"line":45,"column":16}},"loc":{"start":{"line":45,"column":31},"end":{"line":90,"column":1}},"line":45}},"branchMap":{"0":{"loc":{"start":{"line":10,"column":4},"end":{"line":15,"column":5}},"type":"if","locations":[{"start":{"line":10,"column":4},"end":{"line":15,"column":5}},{"start":{"line":13,"column":11},"end":{"line":15,"column":5}}],"line":10},"1":{"loc":{"start":{"line":10,"column":8},"end":{"line":11,"column":44}},"type":"binary-expr","locations":[{"start":{"line":10,"column":8},"end":{"line":10,"column":47}},{"start":{"line":11,"column":8},"end":{"line":11,"column":44}}],"line":10},"2":{"loc":{"start":{"line":47,"column":4},"end":{"line":52,"column":5}},"type":"if","locations":[{"start":{"line":47,"column":4},"end":{"line":52,"column":5}},{"start":{},"end":{}}],"line":47},"3":{"loc":{"start":{"line":53,"column":4},"end":{"line":57,"column":5}},"type":"if","locations":[{"start":{"line":53,"column":4},"end":{"line":57,"column":5}},{"start":{},"end":{}}],"line":53},"4":{"loc":{"start":{"line":63,"column":4},"end":{"line":69,"column":5}},"type":"if","locations":[{"start":{"line":63,"column":4},"end":{"line":69,"column":5}},{"start":{},"end":{}}],"line":63}},"s":{"0":1,"1":1,"2":1,"3":1,"4":1,"5":1,"6":1,"7":2,"8":1,"9":1,"10":2,"11":2,"12":2,"13":1,"14":1,"15":1,"16":1,"17":4,"18":4,"19":1,"20":1,"21":3,"22":1,"23":3,"24":3,"25":2,"26":2,"27":1,"28":1},"f":{"0":2,"1":4},"b":{"0":[1,1],"1":[2,1],"2":[1,3],"3":[1,2],"4":[2,1]},"_coverageSchema":"1a1c01bbd47fc00a2c39e90264f33305004495a9","hash":"9a2d174fdac455233358893c959484705b59dc47"}
,"E:\\Relevel Class\\RIVISION\\Revision Back-End\\CRM\\controllers\\ticket.controller.js": {"path":"E:\\Relevel Class\\RIVISION\\Revision Back-End\\CRM\\controllers\\ticket.controller.js","statementMap":{"0":{"start":{"line":1,"column":13},"end":{"line":1,"column":44}},"1":{"start":{"line":2,"column":15},"end":{"line":2,"column":48}},"2":{"start":{"line":3,"column":18},"end":{"line":3,"column":47}},"3":{"start":{"line":4,"column":24},"end":{"line":4,"column":59}},"4":{"start":{"line":5,"column":16},"end":{"line":5,"column":54}},"5":{"start":{"line":7,"column":0},"end":{"line":48,"column":1}},"6":{"start":{"line":8,"column":25},"end":{"line":14,"column":5}},"7":{"start":{"line":16,"column":21},"end":{"line":19,"column":6}},"8":{"start":{"line":21,"column":4},"end":{"line":21,"column":43}},"9":{"start":{"line":22,"column":4},"end":{"line":47,"column":5}},"10":{"start":{"line":23,"column":23},"end":{"line":23,"column":56}},"11":{"start":{"line":25,"column":8},"end":{"line":42,"column":9}},"12":{"start":{"line":26,"column":25},"end":{"line":28,"column":14}},"13":{"start":{"line":29,"column":12},"end":{"line":29,"column":48}},"14":{"start":{"line":30,"column":12},"end":{"line":30,"column":29}},"15":{"start":{"line":32,"column":12},"end":{"line":32,"column":53}},"16":{"start":{"line":33,"column":12},"end":{"line":33,"column":33}},"17":{"start":{"line":35,"column":12},"end":{"line":40,"column":17}},"18":{"start":{"line":41,"column":12},"end":{"line":41,"column":72}},"19":{"start":{"line":44,"column":8},"end":{"line":46,"column":10}},"20":{"start":{"line":49,"column":18},"end":{"line":53,"column":1}},"21":{"start":{"line":50,"column":4},"end":{"line":52,"column":50}},"22":{"start":{"line":55,"column":0},"end":{"line":100,"column":1}},"23":{"start":{"line":56,"column":19},"end":{"line":58,"column":6}},"24":{"start":{"line":61,"column":21},"end":{"line":63,"column":6}},"25":{"start":{"line":67,"column":4},"end":{"line":98,"column":5}},"26":{"start":{"line":68,"column":8},"end":{"line":69,"column":43}},"27":{"start":{"line":70,"column":8},"end":{"line":71,"column":55}},"28":{"start":{"line":72,"column":8},"end":{"line":73,"column":61}},"29":{"start":{"line":74,"column":8},"end":{"line":75,"column":38}},"30":{"start":{"line":76,"column":8},"end":{"line":77,"column":42}},"31":{"start":{"line":78,"column":8},"end":{"line":78,"column":27}},"32":{"start":{"line":80,"column":23},"end":{"line":82,"column":10}},"33":{"start":{"line":83,"column":24},"end":{"line":85,"column":10}},"34":{"start":{"line":86,"column":8},"end":{"line":91,"column":13}},"35":{"start":{"line":93,"column":8},"end":{"line":93,"column":69}},"36":{"start":{"line":95,"column":8},"end":{"line":97,"column":10}},"37":{"start":{"line":104,"column":0},"end":{"line":127,"column":1}},"38":{"start":{"line":111,"column":21},"end":{"line":111,"column":23}},"39":{"start":{"line":113,"column":4},"end":{"line":115,"column":5}},"40":{"start":{"line":114,"column":8},"end":{"line":114,"column":42}},"41":{"start":{"line":117,"column":22},"end":{"line":117,"column":69}},"42":{"start":{"line":118,"column":4},"end":{"line":124,"column":5}},"43":{"start":{"line":120,"column":11},"end":{"line":124,"column":5}},"44":{"start":{"line":121,"column":8},"end":{"line":121,"column":44}},"45":{"start":{"line":123,"column":8},"end":{"line":123,"column":44}},"46":{"start":{"line":125,"column":20},"end":{"line":125,"column":47}},"47":{"start":{"line":126,"column":4},"end":{"line":126,"column":69}},"48":{"start":{"line":134,"column":0},"end":{"line":140,"column":1}},"49":{"start":{"line":135,"column":17},"end":{"line":137,"column":6}},"50":{"start":{"line":138,"column":4},"end":{"line":138,"column":65}},"51":{"start":{"line":142,"column":28},"end":{"line":144,"column":1}},"52":{"start":{"line":143,"column":4},"end":{"line":143,"column":41}},"53":{"start":{"line":149,"column":0},"end":{"line":176,"column":1}},"54":{"start":{"line":150,"column":19},"end":{"line":152,"column":6}},"55":{"start":{"line":153,"column":21},"end":{"line":155,"column":6}},"56":{"start":{"line":157,"column":4},"end":{"line":174,"column":5}},"57":{"start":{"line":158,"column":8},"end":{"line":159,"column":43}},"58":{"start":{"line":160,"column":8},"end":{"line":161,"column":55}},"59":{"start":{"line":162,"column":8},"end":{"line":163,"column":61}},"60":{"start":{"line":164,"column":8},"end":{"line":165,"column":38}},"61":{"start":{"line":166,"column":8},"end":{"line":167,"column":42}},"62":{"start":{"line":168,"column":8},"end":{"line":168,"column":27}},"63":{"start":{"line":169,"column":8},"end":{"line":169,"column":69}},"64":{"start":{"line":171,"column":8},"end":{"line":173,"column":10}},"65":{"start":{"line":182,"column":0},"end":{"line":202,"column":1}},"66":{"start":{"line":185,"column":4},"end":{"line":200,"column":5}},"67":{"start":{"line":186,"column":8},"end":{"line":186,"column":36}},"68":{"start":{"line":187,"column":8},"end":{"line":194,"column":9}},"69":{"start":{"line":188,"column":12},"end":{"line":188,"column":66}},"70":{"start":{"line":188,"column":31},"end":{"line":188,"column":64}},"71":{"start":{"line":189,"column":12},"end":{"line":189,"column":41}},"72":{"start":{"line":191,"column":12},"end":{"line":193,"column":14}},"73":{"start":{"line":197,"column":8},"end":{"line":199,"column":10}}},"fnMap":{"0":{"name":"(anonymous_0)","decl":{"start":{"line":7,"column":23},"end":{"line":7,"column":24}},"loc":{"start":{"line":7,"column":43},"end":{"line":48,"column":1}},"line":7},"1":{"name":"(anonymous_1)","decl":{"start":{"line":49,"column":18},"end":{"line":49,"column":19}},"loc":{"start":{"line":49,"column":36},"end":{"line":53,"column":1}},"line":49},"2":{"name":"(anonymous_2)","decl":{"start":{"line":55,"column":23},"end":{"line":55,"column":24}},"loc":{"start":{"line":55,"column":43},"end":{"line":100,"column":1}},"line":55},"3":{"name":"(anonymous_3)","decl":{"start":{"line":104,"column":24},"end":{"line":104,"column":25}},"loc":{"start":{"line":104,"column":44},"end":{"line":127,"column":1}},"line":104},"4":{"name":"(anonymous_4)","decl":{"start":{"line":134,"column":23},"end":{"line":134,"column":24}},"loc":{"start":{"line":134,"column":43},"end":{"line":140,"column":1}},"line":134},"5":{"name":"(anonymous_5)","decl":{"start":{"line":142,"column":28},"end":{"line":142,"column":29}},"loc":{"start":{"line":142,"column":46},"end":{"line":144,"column":1}},"line":142},"6":{"name":"(anonymous_6)","decl":{"start":{"line":149,"column":41},"end":{"line":149,"column":42}},"loc":{"start":{"line":149,"column":61},"end":{"line":176,"column":1}},"line":149},"7":{"name":"(anonymous_7)","decl":{"start":{"line":182,"column":23},"end":{"line":182,"column":24}},"loc":{"start":{"line":182,"column":39},"end":{"line":202,"column":1}},"line":182},"8":{"name":"(anonymous_8)","decl":{"start":{"line":188,"column":24},"end":{"line":188,"column":25}},"loc":{"start":{"line":188,"column":31},"end":{"line":188,"column":64}},"line":188}},"branchMap":{"0":{"loc":{"start":{"line":25,"column":8},"end":{"line":42,"column":9}},"type":"if","locations":[{"start":{"line":25,"column":8},"end":{"line":42,"column":9}},{"start":{},"end":{}}],"line":25},"1":{"loc":{"start":{"line":50,"column":11},"end":{"line":52,"column":50}},"type":"binary-expr","locations":[{"start":{"line":50,"column":11},"end":{"line":50,"column":41}},{"start":{"line":51,"column":8},"end":{"line":51,"column":38}},{"start":{"line":52,"column":8},"end":{"line":52,"column":50}}],"line":50},"2":{"loc":{"start":{"line":67,"column":4},"end":{"line":98,"column":5}},"type":"if","locations":[{"start":{"line":67,"column":4},"end":{"line":98,"column":5}},{"start":{"line":94,"column":9},"end":{"line":98,"column":5}}],"line":67},"3":{"loc":{"start":{"line":68,"column":23},"end":{"line":69,"column":43}},"type":"cond-expr","locations":[{"start":{"line":69,"column":14},"end":{"line":69,"column":28}},{"start":{"line":69,"column":31},"end":{"line":69,"column":43}}],"line":68},"4":{"loc":{"start":{"line":70,"column":29},"end":{"line":71,"column":55}},"type":"cond-expr","locations":[{"start":{"line":71,"column":14},"end":{"line":71,"column":34}},{"start":{"line":71,"column":37},"end":{"line":71,"column":55}}],"line":70},"5":{"loc":{"start":{"line":72,"column":32},"end":{"line":73,"column":61}},"type":"cond-expr","locations":[{"start":{"line":73,"column":14},"end":{"line":73,"column":37}},{"start":{"line":73,"column":40},"end":{"line":73,"column":61}}],"line":72},"6":{"loc":{"start":{"line":74,"column":22},"end":{"line":75,"column":38}},"type":"cond-expr","locations":[{"start":{"line":75,"column":9},"end":{"line":75,"column":24}},{"start":{"line":75,"column":25},"end":{"line":75,"column":38}}],"line":74},"7":{"loc":{"start":{"line":76,"column":24},"end":{"line":77,"column":42}},"type":"cond-expr","locations":[{"start":{"line":77,"column":9},"end":{"line":77,"column":26}},{"start":{"line":77,"column":27},"end":{"line":77,"column":42}}],"line":76},"8":{"loc":{"start":{"line":113,"column":4},"end":{"line":115,"column":5}},"type":"if","locations":[{"start":{"line":113,"column":4},"end":{"line":115,"column":5}},{"start":{},"end":{}}],"line":113},"9":{"loc":{"start":{"line":118,"column":4},"end":{"line":124,"column":5}},"type":"if","locations":[{"start":{"line":118,"column":4},"end":{"line":124,"column":5}},{"start":{"line":120,"column":11},"end":{"line":124,"column":5}}],"line":118},"10":{"loc":{"start":{"line":120,"column":11},"end":{"line":124,"column":5}},"type":"if","locations":[{"start":{"line":120,"column":11},"end":{"line":124,"column":5}},{"start":{"line":122,"column":11},"end":{"line":124,"column":5}}],"line":120},"11":{"loc":{"start":{"line":157,"column":4},"end":{"line":174,"column":5}},"type":"if","locations":[{"start":{"line":157,"column":4},"end":{"line":174,"column":5}},{"start":{"line":170,"column":9},"end":{"line":174,"column":5}}],"line":157},"12":{"loc":{"start":{"line":158,"column":23},"end":{"line":159,"column":43}},"type":"cond-expr","locations":[{"start":{"line":159,"column":14},"end":{"line":159,"column":28}},{"start":{"line":159,"column":31},"end":{"line":159,"column":43}}],"line":158},"13":{"loc":{"start":{"line":160,"column":29},"end":{"line":161,"column":55}},"type":"cond-expr","locations":[{"start":{"line":161,"column":14},"end":{"line":161,"column":34}},{"start":{"line":161,"column":37},"end":{"line":161,"column":55}}],"line":160},"14":{"loc":{"start":{"line":162,"column":32},"end":{"line":163,"column":61}},"type":"cond-expr","locations":[{"start":{"line":163,"column":14},"end":{"line":163,"column":37}},{"start":{"line":163,"column":40},"end":{"line":163,"column":61}}],"line":162},"15":{"loc":{"start":{"line":164,"column":22},"end":{"line":165,"column":38}},"type":"cond-expr","locations":[{"start":{"line":165,"column":9},"end":{"line":165,"column":24}},{"start":{"line":165,"column":25},"end":{"line":165,"column":38}}],"line":164},"16":{"loc":{"start":{"line":166,"column":24},"end":{"line":167,"column":42}},"type":"cond-expr","locations":[{"start":{"line":167,"column":9},"end":{"line":167,"column":26}},{"start":{"line":167,"column":27},"end":{"line":167,"column":42}}],"line":166},"17":{"loc":{"start":{"line":187,"column":8},"end":{"line":194,"column":9}},"type":"if","locations":[{"start":{"line":187,"column":8},"end":{"line":194,"column":9}},{"start":{"line":190,"column":13},"end":{"line":194,"column":9}}],"line":187}},"s":{"0":1,"1":1,"2":1,"3":1,"4":1,"5":1,"6":1,"7":1,"8":1,"9":1,"10":1,"11":0,"12":0,"13":0,"14":0,"15":0,"16":0,"17":0,"18":0,"19":1,"20":1,"21":1,"22":1,"23":1,"24":1,"25":1,"26":0,"27":0,"28":0,"29":0,"30":0,"31":0,"32":0,"33":0,"34":0,"35":0,"36":1,"37":1,"38":2,"39":2,"40":2,"41":2,"42":2,"43":2,"44":1,"45":1,"46":2,"47":2,"48":1,"49":1,"50":1,"51":1,"52":0,"53":1,"54":0,"55":0,"56":0,"57":0,"58":0,"59":0,"60":0,"61":0,"62":0,"63":0,"64":0,"65":1,"66":0,"67":0,"68":0,"69":0,"70":0,"71":0,"72":0,"73":0},"f":{"0":1,"1":1,"2":1,"3":2,"4":1,"5":0,"6":0,"7":0,"8":0},"b":{"0":[0,0],"1":[1,1,1],"2":[0,1],"3":[0,0],"4":[0,0],"5":[0,0],"6":[0,0],"7":[0,0],"8":[2,0],"9":[0,2],"10":[1,1],"11":[0,0],"12":[0,0],"13":[0,0],"14":[0,0],"15":[0,0],"16":[0,0],"17":[0,0]},"_coverageSchema":"1a1c01bbd47fc00a2c39e90264f33305004495a9","hash":"4b469337b4bff6f465a8b1f83b0918242f38262f"}
,"E:\\Relevel Class\\RIVISION\\Revision Back-End\\CRM\\controllers\\user.controller.js": {"path":"E:\\Relevel Class\\RIVISION\\Revision Back-End\\CRM\\controllers\\user.controller.js","statementMap":{"0":{"start":{"line":6,"column":11},"end":{"line":6,"column":42}},"1":{"start":{"line":7,"column":22},"end":{"line":7,"column":57}},"2":{"start":{"line":12,"column":18},"end":{"line":25,"column":1}},"3":{"start":{"line":14,"column":5},"end":{"line":23,"column":6}},"4":{"start":{"line":15,"column":8},"end":{"line":17,"column":11}},"5":{"start":{"line":18,"column":8},"end":{"line":18,"column":21}},"6":{"start":{"line":20,"column":8},"end":{"line":22,"column":10}},"7":{"start":{"line":29,"column":15},"end":{"line":40,"column":1}},"8":{"start":{"line":31,"column":4},"end":{"line":38,"column":5}},"9":{"start":{"line":32,"column":8},"end":{"line":32,"column":31}},"10":{"start":{"line":33,"column":8},"end":{"line":33,"column":21}},"11":{"start":{"line":35,"column":8},"end":{"line":37,"column":10}},"12":{"start":{"line":45,"column":28},"end":{"line":61,"column":1}},"13":{"start":{"line":48,"column":4},"end":{"line":59,"column":5}},"14":{"start":{"line":49,"column":8},"end":{"line":52,"column":10}},"15":{"start":{"line":53,"column":8},"end":{"line":53,"column":21}},"16":{"start":{"line":56,"column":8},"end":{"line":58,"column":10}},"17":{"start":{"line":66,"column":18},"end":{"line":82,"column":1}},"18":{"start":{"line":69,"column":4},"end":{"line":79,"column":5}},"19":{"start":{"line":70,"column":8},"end":{"line":72,"column":10}},"20":{"start":{"line":73,"column":8},"end":{"line":73,"column":20}},"21":{"start":{"line":76,"column":8},"end":{"line":78,"column":10}},"22":{"start":{"line":87,"column":20},"end":{"line":100,"column":1}},"23":{"start":{"line":89,"column":4},"end":{"line":98,"column":5}},"24":{"start":{"line":90,"column":8},"end":{"line":92,"column":10}},"25":{"start":{"line":93,"column":8},"end":{"line":93,"column":21}},"26":{"start":{"line":95,"column":8},"end":{"line":97,"column":10}},"27":{"start":{"line":106,"column":0},"end":{"line":126,"column":1}},"28":{"start":{"line":108,"column":19},"end":{"line":108,"column":37}},"29":{"start":{"line":109,"column":21},"end":{"line":109,"column":41}},"30":{"start":{"line":110,"column":19},"end":{"line":110,"column":33}},"31":{"start":{"line":111,"column":3},"end":{"line":122,"column":4}},"32":{"start":{"line":112,"column":4},"end":{"line":112,"column":45}},"33":{"start":{"line":113,"column":9},"end":{"line":122,"column":4}},"34":{"start":{"line":114,"column":4},"end":{"line":114,"column":68}},"35":{"start":{"line":116,"column":8},"end":{"line":122,"column":4}},"36":{"start":{"line":117,"column":4},"end":{"line":117,"column":45}},"37":{"start":{"line":118,"column":9},"end":{"line":122,"column":4}},"38":{"start":{"line":119,"column":4},"end":{"line":119,"column":49}},"39":{"start":{"line":121,"column":4},"end":{"line":121,"column":30}},"40":{"start":{"line":123,"column":3},"end":{"line":125,"column":4}},"41":{"start":{"line":124,"column":4},"end":{"line":124,"column":62}},"42":{"start":{"line":134,"column":0},"end":{"line":155,"column":1}},"43":{"start":{"line":135,"column":20},"end":{"line":135,"column":37}},"44":{"start":{"line":138,"column":4},"end":{"line":153,"column":5}},"45":{"start":{"line":139,"column":8},"end":{"line":141,"column":10}},"46":{"start":{"line":142,"column":8},"end":{"line":148,"column":5}},"47":{"start":{"line":143,"column":12},"end":{"line":143,"column":69}},"48":{"start":{"line":145,"column":8},"end":{"line":147,"column":10}},"49":{"start":{"line":150,"column":8},"end":{"line":152,"column":10}},"50":{"start":{"line":162,"column":0},"end":{"line":186,"column":1}},"51":{"start":{"line":163,"column":20},"end":{"line":163,"column":37}},"52":{"start":{"line":164,"column":4},"end":{"line":185,"column":5}},"53":{"start":{"line":165,"column":19},"end":{"line":169,"column":17}},"54":{"start":{"line":170,"column":8},"end":{"line":178,"column":9}},"55":{"start":{"line":171,"column":12},"end":{"line":173,"column":14}},"56":{"start":{"line":175,"column":12},"end":{"line":177,"column":14}},"57":{"start":{"line":181,"column":8},"end":{"line":183,"column":10}}},"fnMap":{"0":{"name":"(anonymous_0)","decl":{"start":{"line":12,"column":18},"end":{"line":12,"column":19}},"loc":{"start":{"line":12,"column":42},"end":{"line":25,"column":1}},"line":12},"1":{"name":"(anonymous_1)","decl":{"start":{"line":29,"column":15},"end":{"line":29,"column":16}},"loc":{"start":{"line":29,"column":27},"end":{"line":40,"column":1}},"line":29},"2":{"name":"(anonymous_2)","decl":{"start":{"line":45,"column":28},"end":{"line":45,"column":29}},"loc":{"start":{"line":45,"column":66},"end":{"line":61,"column":1}},"line":45},"3":{"name":"(anonymous_3)","decl":{"start":{"line":66,"column":18},"end":{"line":66,"column":19}},"loc":{"start":{"line":66,"column":42},"end":{"line":82,"column":1}},"line":66},"4":{"name":"(anonymous_4)","decl":{"start":{"line":87,"column":20},"end":{"line":87,"column":21}},"loc":{"start":{"line":87,"column":46},"end":{"line":100,"column":1}},"line":87},"5":{"name":"(anonymous_5)","decl":{"start":{"line":106,"column":16},"end":{"line":106,"column":17}},"loc":{"start":{"line":106,"column":33},"end":{"line":126,"column":1}},"line":106},"6":{"name":"(anonymous_6)","decl":{"start":{"line":134,"column":17},"end":{"line":134,"column":18}},"loc":{"start":{"line":134,"column":33},"end":{"line":155,"column":1}},"line":134},"7":{"name":"(anonymous_7)","decl":{"start":{"line":162,"column":15},"end":{"line":162,"column":16}},"loc":{"start":{"line":162,"column":31},"end":{"line":186,"column":1}},"line":162}},"branchMap":{"0":{"loc":{"start":{"line":111,"column":3},"end":{"line":122,"column":4}},"type":"if","locations":[{"start":{"line":111,"column":3},"end":{"line":122,"column":4}},{"start":{"line":113,"column":9},"end":{"line":122,"column":4}}],"line":111},"1":{"loc":{"start":{"line":113,"column":9},"end":{"line":122,"column":4}},"type":"if","locations":[{"start":{"line":113,"column":9},"end":{"line":122,"column":4}},{"start":{"line":116,"column":8},"end":{"line":122,"column":4}}],"line":113},"2":{"loc":{"start":{"line":113,"column":12},"end":{"line":113,"column":40}},"type":"binary-expr","locations":[{"start":{"line":113,"column":12},"end":{"line":113,"column":23}},{"start":{"line":113,"column":27},"end":{"line":113,"column":40}}],"line":113},"3":{"loc":{"start":{"line":116,"column":8},"end":{"line":122,"column":4}},"type":"if","locations":[{"start":{"line":116,"column":8},"end":{"line":122,"column":4}},{"start":{"line":118,"column":9},"end":{"line":122,"column":4}}],"line":116},"4":{"loc":{"start":{"line":118,"column":9},"end":{"line":122,"column":4}},"type":"if","locations":[{"start":{"line":118,"column":9},"end":{"line":122,"column":4}},{"start":{"line":120,"column":8},"end":{"line":122,"column":4}}],"line":118},"5":{"loc":{"start":{"line":123,"column":3},"end":{"line":125,"column":4}},"type":"if","locations":[{"start":{"line":123,"column":3},"end":{"line":125,"column":4}},{"start":{},"end":{}}],"line":123},"6":{"loc":{"start":{"line":142,"column":8},"end":{"line":148,"column":5}},"type":"if","locations":[{"start":{"line":142,"column":8},"end":{"line":148,"column":5}},{"start":{"line":144,"column":9},"end":{"line":148,"column":5}}],"line":142},"7":{"loc":{"start":{"line":170,"column":8},"end":{"line":178,"column":9}},"type":"if","locations":[{"start":{"line":170,"column":8},"end":{"line":178,"column":9}},{"start":{"line":174,"column":13},"end":{"line":178,"column":9}}],"line":170}},"s":{"0":1,"1":1,"2":1,"3":2,"4":2,"5":1,"6":1,"7":1,"8":2,"9":2,"10":1,"11":1,"12":1,"13":2,"14":2,"15":1,"16":1,"17":1,"18":2,"19":2,"20":1,"21":1,"22":1,"23":2,"24":2,"25":1,"26":1,"27":1,"28":10,"29":10,"30":10,"31":10,"32":2,"33":8,"34":2,"35":6,"36":2,"37":4,"38":2,"39":2,"40":10,"41":5,"42":1,"43":3,"44":3,"45":3,"46":3,"47":2,"48":1,"49":1,"50":1,"51":3,"52":3,"53":3,"54":2,"55":1,"56":1,"57":1},"f":{"0":2,"1":2,"2":2,"3":2,"4":2,"5":10,"6":3,"7":3},"b":{"0":[2,8],"1":[2,6],"2":[8,4],"3":[2,4],"4":[2,2],"5":[5,5],"6":[2,1],"7":[1,1]},"_coverageSchema":"1a1c01bbd47fc00a2c39e90264f33305004495a9","hash":"8ead038379c1b190a89f69152a7c945e2a71e9a7"}
,"E:\\Relevel Class\\RIVISION\\Revision Back-End\\CRM\\models\\ticket.model.js": {"path":"E:\\Relevel Class\\RIVISION\\Revision Back-End\\CRM\\models\\ticket.model.js","statementMap":{"0":{"start":{"line":1,"column":17},"end":{"line":1,"column":36}},"1":{"start":{"line":2,"column":25},"end":{"line":2,"column":54}},"2":{"start":{"line":4,"column":21},"end":{"line":38,"column":2}},"3":{"start":{"line":32,"column":23},"end":{"line":32,"column":33}},"4":{"start":{"line":36,"column":23},"end":{"line":36,"column":33}},"5":{"start":{"line":40,"column":0},"end":{"line":40,"column":55}}},"fnMap":{"0":{"name":"(anonymous_0)","decl":{"start":{"line":32,"column":17},"end":{"line":32,"column":18}},"loc":{"start":{"line":32,"column":23},"end":{"line":32,"column":33}},"line":32},"1":{"name":"(anonymous_1)","decl":{"start":{"line":36,"column":17},"end":{"line":36,"column":18}},"loc":{"start":{"line":36,"column":23},"end":{"line":36,"column":33}},"line":36}},"branchMap":{},"s":{"0":1,"1":1,"2":1,"3":0,"4":0,"5":1},"f":{"0":0,"1":0},"b":{},"_coverageSchema":"1a1c01bbd47fc00a2c39e90264f33305004495a9","hash":"ca5f0d0d95adf2c110fd6ab2cd2110e1e6911280"}
,"E:\\Relevel Class\\RIVISION\\Revision Back-End\\CRM\\models\\user.model.js": {"path":"E:\\Relevel Class\\RIVISION\\Revision Back-End\\CRM\\models\\user.model.js","statementMap":{"0":{"start":{"line":1,"column":17},"end":{"line":1,"column":36}},"1":{"start":{"line":3,"column":19},"end":{"line":51,"column":2}},"2":{"start":{"line":27,"column":23},"end":{"line":27,"column":33}},"3":{"start":{"line":31,"column":23},"end":{"line":31,"column":33}},"4":{"start":{"line":53,"column":0},"end":{"line":53,"column":51}}},"fnMap":{"0":{"name":"(anonymous_0)","decl":{"start":{"line":27,"column":17},"end":{"line":27,"column":18}},"loc":{"start":{"line":27,"column":23},"end":{"line":27,"column":33}},"line":27},"1":{"name":"(anonymous_1)","decl":{"start":{"line":31,"column":17},"end":{"line":31,"column":18}},"loc":{"start":{"line":31,"column":23},"end":{"line":31,"column":33}},"line":31}},"branchMap":{},"s":{"0":3,"1":3,"2":1,"3":1,"4":3},"f":{"0":1,"1":1},"b":{},"_coverageSchema":"1a1c01bbd47fc00a2c39e90264f33305004495a9","hash":"289b3929f2cf85501be6a82a17bba28e2b6bb695"}
,"E:\\Relevel Class\\RIVISION\\Revision Back-End\\CRM\\tests\\db.js": {"path":"E:\\Relevel Class\\RIVISION\\Revision Back-End\\CRM\\tests\\db.js","statementMap":{"0":{"start":{"line":1,"column":26},"end":{"line":1,"column":58}},"1":{"start":{"line":2,"column":15},"end":{"line":2,"column":34}},"2":{"start":{"line":7,"column":0},"end":{"line":17,"column":1}},"3":{"start":{"line":8,"column":4},"end":{"line":16,"column":5}},"4":{"start":{"line":9,"column":8},"end":{"line":9,"column":48}},"5":{"start":{"line":10,"column":18},"end":{"line":10,"column":33}},"6":{"start":{"line":11,"column":26},"end":{"line":14,"column":9}},"7":{"start":{"line":15,"column":8},"end":{"line":15,"column":48}},"8":{"start":{"line":20,"column":0},"end":{"line":24,"column":1}},"9":{"start":{"line":21,"column":4},"end":{"line":21,"column":47}},"10":{"start":{"line":22,"column":4},"end":{"line":22,"column":38}},"11":{"start":{"line":23,"column":4},"end":{"line":23,"column":35}},"12":{"start":{"line":23,"column":15},"end":{"line":23,"column":35}},"13":{"start":{"line":28,"column":0},"end":{"line":34,"column":1}},"14":{"start":{"line":29,"column":22},"end":{"line":29,"column":59}},"15":{"start":{"line":30,"column":4},"end":{"line":33,"column":5}},"16":{"start":{"line":31,"column":25},"end":{"line":31,"column":42}},"17":{"start":{"line":32,"column":8},"end":{"line":32,"column":38}}},"fnMap":{"0":{"name":"(anonymous_0)","decl":{"start":{"line":7,"column":16},"end":{"line":7,"column":17}},"loc":{"start":{"line":7,"column":25},"end":{"line":17,"column":1}},"line":7},"1":{"name":"(anonymous_1)","decl":{"start":{"line":20,"column":22},"end":{"line":20,"column":23}},"loc":{"start":{"line":20,"column":31},"end":{"line":24,"column":1}},"line":20},"2":{"name":"(anonymous_2)","decl":{"start":{"line":28,"column":22},"end":{"line":28,"column":23}},"loc":{"start":{"line":28,"column":31},"end":{"line":34,"column":1}},"line":28}},"branchMap":{"0":{"loc":{"start":{"line":8,"column":4},"end":{"line":16,"column":5}},"type":"if","locations":[{"start":{"line":8,"column":4},"end":{"line":16,"column":5}},{"start":{},"end":{}}],"line":8},"1":{"loc":{"start":{"line":23,"column":4},"end":{"line":23,"column":35}},"type":"if","locations":[{"start":{"line":23,"column":4},"end":{"line":23,"column":35}},{"start":{},"end":{}}],"line":23}},"s":{"0":1,"1":1,"2":1,"3":1,"4":1,"5":1,"6":1,"7":1,"8":1,"9":0,"10":0,"11":0,"12":0,"13":1,"14":6,"15":6,"16":6,"17":6},"f":{"0":1,"1":0,"2":6},"b":{"0":[1,0],"1":[0,0]},"_coverageSchema":"1a1c01bbd47fc00a2c39e90264f33305004495a9","hash":"16e585152d65b0ed4e6f534c2586fea1a52864ff"}
,"E:\\Relevel Class\\RIVISION\\Revision Back-End\\CRM\\tests\\intercepter.js": {"path":"E:\\Relevel Class\\RIVISION\\Revision Back-End\\CRM\\tests\\intercepter.js","statementMap":{"0":{"start":{"line":1,"column":0},"end":{"line":16,"column":1}},"1":{"start":{"line":3,"column":18},"end":{"line":3,"column":20}},"2":{"start":{"line":4,"column":8},"end":{"line":4,"column":47}},"3":{"start":{"line":5,"column":8},"end":{"line":5,"column":49}},"4":{"start":{"line":6,"column":8},"end":{"line":6,"column":19}},"5":{"start":{"line":9,"column":18},"end":{"line":9,"column":20}},"6":{"start":{"line":10,"column":8},"end":{"line":10,"column":48}},"7":{"start":{"line":11,"column":8},"end":{"line":11,"column":50}},"8":{"start":{"line":12,"column":8},"end":{"line":12,"column":48}},"9":{"start":{"line":13,"column":8},"end":{"line":13,"column":19}}},"fnMap":{"0":{"name":"(anonymous_0)","decl":{"start":{"line":2,"column":16},"end":{"line":2,"column":17}},"loc":{"start":{"line":2,"column":20},"end":{"line":7,"column":5}},"line":2},"1":{"name":"(anonymous_1)","decl":{"start":{"line":8,"column":17},"end":{"line":8,"column":18}},"loc":{"start":{"line":8,"column":21},"end":{"line":14,"column":5}},"line":8}},"branchMap":{},"s":{"0":3,"1":27,"2":27,"3":27,"4":27,"5":27,"6":27,"7":27,"8":27,"9":27},"f":{"0":27,"1":27},"b":{},"_coverageSchema":"1a1c01bbd47fc00a2c39e90264f33305004495a9","hash":"6e150f5fed07ed8254327f43fe20b6f9aa37f01c"}
,"E:\\Relevel Class\\RIVISION\\Revision Back-End\\CRM\\utils\\NotificationClient.js": {"path":"E:\\Relevel Class\\RIVISION\\Revision Back-End\\CRM\\utils\\NotificationClient.js","statementMap":{"0":{"start":{"line":2,"column":13},"end":{"line":2,"column":47}},"1":{"start":{"line":3,"column":13},"end":{"line":3,"column":25}},"2":{"start":{"line":5,"column":0},"end":{"line":24,"column":1}},"3":{"start":{"line":6,"column":16},"end":{"line":12,"column":5}},"4":{"start":{"line":13,"column":15},"end":{"line":16,"column":5}},"5":{"start":{"line":17,"column":4},"end":{"line":23,"column":5}},"6":{"start":{"line":20,"column":8},"end":{"line":20,"column":36}},"7":{"start":{"line":21,"column":8},"end":{"line":21,"column":26}}},"fnMap":{"0":{"name":"(anonymous_0)","decl":{"start":{"line":5,"column":15},"end":{"line":5,"column":16}},"loc":{"start":{"line":5,"column":62},"end":{"line":24,"column":1}},"line":5},"1":{"name":"(anonymous_1)","decl":{"start":{"line":19,"column":4},"end":{"line":19,"column":5}},"loc":{"start":{"line":19,"column":21},"end":{"line":22,"column":5}},"line":19}},"branchMap":{},"s":{"0":1,"1":1,"2":1,"3":0,"4":0,"5":0,"6":0,"7":0},"f":{"0":0,"1":0},"b":{},"_coverageSchema":"1a1c01bbd47fc00a2c39e90264f33305004495a9","hash":"ae20454ee49cb3831dda778c16d04da767e89d47"}
,"E:\\Relevel Class\\RIVISION\\Revision Back-End\\CRM\\utils\\constants.js": {"path":"E:\\Relevel Class\\RIVISION\\Revision Back-End\\CRM\\utils\\constants.js","statementMap":{"0":{"start":{"line":1,"column":0},"end":{"line":18,"column":1}}},"fnMap":{},"branchMap":{},"s":{"0":2},"f":{},"b":{},"_coverageSchema":"1a1c01bbd47fc00a2c39e90264f33305004495a9","hash":"b73b6b07fd4d6d0d7a169339d0c7e2b7dde1ee72"}
,"E:\\Relevel Class\\RIVISION\\Revision Back-End\\CRM\\utils\\objectConverter.js": {"path":"E:\\Relevel Class\\RIVISION\\Revision Back-End\\CRM\\utils\\objectConverter.js","statementMap":{"0":{"start":{"line":1,"column":0},"end":{"line":13,"column":1}},"1":{"start":{"line":2,"column":20},"end":{"line":2,"column":22}},"2":{"start":{"line":3,"column":4},"end":{"line":11,"column":7}},"3":{"start":{"line":4,"column":8},"end":{"line":10,"column":10}},"4":{"start":{"line":12,"column":4},"end":{"line":12,"column":23}},"5":{"start":{"line":16,"column":0},"end":{"line":28,"column":1}},"6":{"start":{"line":17,"column":4},"end":{"line":27,"column":5}},"7":{"start":{"line":30,"column":0},"end":{"line":35,"column":1}},"8":{"start":{"line":31,"column":23},"end":{"line":31,"column":25}},"9":{"start":{"line":32,"column":4},"end":{"line":33,"column":5}},"10":{"start":{"line":32,"column":32},"end":{"line":32,"column":88}},"11":{"start":{"line":34,"column":4},"end":{"line":34,"column":23}}},"fnMap":{"0":{"name":"(anonymous_0)","decl":{"start":{"line":1,"column":21},"end":{"line":1,"column":22}},"loc":{"start":{"line":1,"column":30},"end":{"line":13,"column":1}},"line":1},"1":{"name":"(anonymous_1)","decl":{"start":{"line":3,"column":18},"end":{"line":3,"column":19}},"loc":{"start":{"line":3,"column":26},"end":{"line":11,"column":5}},"line":3},"2":{"name":"(anonymous_2)","decl":{"start":{"line":16,"column":23},"end":{"line":16,"column":24}},"loc":{"start":{"line":16,"column":33},"end":{"line":28,"column":1}},"line":16},"3":{"name":"(anonymous_3)","decl":{"start":{"line":30,"column":29},"end":{"line":30,"column":30}},"loc":{"start":{"line":30,"column":42},"end":{"line":35,"column":1}},"line":30},"4":{"name":"(anonymous_4)","decl":{"start":{"line":32,"column":20},"end":{"line":32,"column":21}},"loc":{"start":{"line":32,"column":30},"end":{"line":32,"column":90}},"line":32}},"branchMap":{},"s":{"0":2,"1":7,"2":7,"3":6,"4":6,"5":2,"6":3,"7":2,"8":2,"9":2,"10":2,"11":2},"f":{"0":7,"1":6,"2":3,"3":2,"4":2},"b":{},"_coverageSchema":"1a1c01bbd47fc00a2c39e90264f33305004495a9","hash":"87343e6e1c68109c77b0947fe14502a5818a75f5"}
}
