TN:
SF:configs\auth.config.js
FNF:0
FNH:0
DA:1,1
LF:1
LH:1
BRF:0
BRH:0
end_of_record
TN:
SF:controllers\auth.controller.js
FN:8,(anonymous_0)
FN:47,(anonymous_1)
FNF:2
FNH:2
FNDA:2,(anonymous_0)
FNDA:4,(anonymous_1)
DA:1,1
DA:2,1
DA:3,1
DA:4,1
DA:5,1
DA:6,1
DA:8,1
DA:10,2
DA:12,1
DA:14,1
DA:16,2
DA:17,2
DA:25,2
DA:26,2
DA:27,1
DA:34,1
DA:37,1
DA:38,1
DA:47,1
DA:48,4
DA:49,4
DA:50,1
DA:53,1
DA:55,3
DA:56,1
DA:60,3
DA:65,3
DA:66,2
DA:70,2
DA:72,1
DA:84,1
LF:31
LH:31
BRDA:10,0,0,1
BRDA:10,0,1,1
BRDA:10,1,0,2
BRDA:10,1,1,1
BRDA:49,2,0,1
BRDA:49,2,1,3
BRDA:55,3,0,1
BRDA:55,3,1,2
BRDA:65,4,0,2
BRDA:65,4,1,1
BRF:10
BRH:10
end_of_record
TN:
SF:controllers\user.controller.js
FN:12,(anonymous_0)
FN:28,(anonymous_1)
FN:43,(anonymous_2)
FN:63,(anonymous_3)
FN:83,(anonymous_4)
FN:102,(anonymous_5)
FN:129,(anonymous_6)
FN:157,(anonymous_7)
FNF:8
FNH:4
FNDA:0,(anonymous_0)
FNDA:1,(anonymous_1)
FNDA:0,(anonymous_2)
FNDA:0,(anonymous_3)
FNDA:0,(anonymous_4)
FNDA:1,(anonymous_5)
FNDA:3,(anonymous_6)
FNDA:3,(anonymous_7)
DA:6,1
DA:7,1
DA:12,1
DA:14,0
DA:15,0
DA:19,0
DA:23,0
DA:28,1
DA:30,1
DA:31,1
DA:33,0
DA:37,1
DA:43,1
DA:46,0
DA:47,0
DA:53,0
DA:57,0
DA:63,1
DA:66,0
DA:67,0
DA:72,0
DA:76,0
DA:83,1
DA:85,0
DA:86,0
DA:91,0
DA:95,0
DA:102,1
DA:104,1
DA:105,1
DA:106,1
DA:107,1
DA:108,0
DA:109,1
DA:110,0
DA:112,1
DA:113,0
DA:114,1
DA:115,0
DA:117,1
DA:119,1
DA:129,1
DA:130,3
DA:133,3
DA:134,3
DA:137,3
DA:138,2
DA:140,1
DA:145,1
DA:157,1
DA:158,3
DA:159,3
DA:160,3
DA:165,2
DA:166,1
DA:170,1
DA:176,1
LF:57
LH:36
BRDA:107,0,0,0
BRDA:107,0,1,1
BRDA:109,1,0,0
BRDA:109,1,1,1
BRDA:109,2,0,1
BRDA:109,2,1,0
BRDA:112,3,0,0
BRDA:112,3,1,1
BRDA:114,4,0,0
BRDA:114,4,1,1
BRDA:137,5,0,2
BRDA:137,5,1,1
BRDA:165,6,0,1
BRDA:165,6,1,1
BRF:14
BRH:9
end_of_record
TN:
SF:models\user.model.js
FN:27,(anonymous_0)
FN:31,(anonymous_1)
FNF:2
FNH:2
FNDA:1,(anonymous_0)
FNDA:1,(anonymous_1)
DA:1,2
DA:3,2
DA:27,1
DA:31,1
DA:53,2
LF:5
LH:5
BRF:0
BRH:0
end_of_record
TN:
SF:tests\db.js
FN:7,(anonymous_0)
FN:20,(anonymous_1)
FN:28,(anonymous_2)
FNF:3
FNH:2
FNDA:1,(anonymous_0)
FNDA:0,(anonymous_1)
FNDA:6,(anonymous_2)
DA:1,1
DA:2,1
DA:7,1
DA:8,1
DA:9,1
DA:10,1
DA:11,1
DA:15,1
DA:20,1
DA:21,0
DA:22,0
DA:23,0
DA:28,1
DA:29,6
DA:30,6
DA:31,6
DA:32,6
DA:33,6
LF:18
LH:15
BRDA:8,0,0,1
BRDA:8,0,1,0
BRDA:23,1,0,0
BRDA:23,1,1,0
BRF:4
BRH:1
end_of_record
TN:
SF:tests\intercepter.js
FN:2,(anonymous_0)
FN:8,(anonymous_1)
FNF:2
FNH:2
FNDA:13,(anonymous_0)
FNDA:13,(anonymous_1)
DA:1,2
DA:3,13
DA:4,13
DA:5,13
DA:6,13
DA:9,13
DA:10,13
DA:11,13
DA:12,13
DA:13,13
LF:10
LH:10
BRF:0
BRH:0
end_of_record
TN:
SF:utils\constants.js
FNF:0
FNH:0
DA:1,1
LF:1
LH:1
BRF:0
BRH:0
end_of_record
TN:
SF:utils\objectConverter.js
FN:1,(anonymous_0)
FN:3,(anonymous_1)
FN:16,(anonymous_2)
FNF:3
FNH:2
FNDA:3,(anonymous_0)
FNDA:2,(anonymous_1)
FNDA:0,(anonymous_2)
DA:1,1
DA:2,3
DA:3,3
DA:4,2
DA:12,2
DA:16,1
DA:17,0
LF:7
LH:6
BRF:0
BRH:0
end_of_record
