TN:
SF:configs\auth.config.js
FNF:0
FNH:0
DA:1,1
LF:1
LH:1
BRF:0
BRH:0
end_of_record
TN:
SF:controllers\auth.controller.js
FN:8,(anonymous_0)
FN:45,(anonymous_1)
FNF:2
FNH:2
FNDA:2,(anonymous_0)
FNDA:4,(anonymous_1)
DA:1,1
DA:2,1
DA:3,1
DA:4,1
DA:5,1
DA:6,1
DA:8,1
DA:10,2
DA:12,1
DA:14,1
DA:16,2
DA:24,2
DA:25,2
DA:26,1
DA:33,1
DA:36,1
DA:45,1
DA:46,4
DA:47,4
DA:48,1
DA:51,1
DA:53,3
DA:54,1
DA:58,3
DA:63,3
DA:64,2
DA:68,2
DA:70,1
DA:82,1
LF:29
LH:29
BRDA:10,0,0,1
BRDA:10,0,1,1
BRDA:10,1,0,2
BRDA:10,1,1,1
BRDA:47,2,0,1
BRDA:47,2,1,3
BRDA:53,3,0,1
BRDA:53,3,1,2
BRDA:63,4,0,2
BRDA:63,4,1,1
BRF:10
BRH:10
end_of_record
TN:
SF:controllers\ticket.controller.js
FN:7,(anonymous_0)
FN:49,(anonymous_1)
FN:55,(anonymous_2)
FN:104,(anonymous_3)
FN:134,(anonymous_4)
FN:142,(anonymous_5)
FN:149,(anonymous_6)
FN:182,(anonymous_7)
FN:188,(anonymous_8)
FNF:9
FNH:5
FNDA:1,(anonymous_0)
FNDA:1,(anonymous_1)
FNDA:1,(anonymous_2)
FNDA:2,(anonymous_3)
FNDA:1,(anonymous_4)
FNDA:0,(anonymous_5)
FNDA:0,(anonymous_6)
FNDA:0,(anonymous_7)
FNDA:0,(anonymous_8)
DA:1,1
DA:2,1
DA:3,1
DA:4,1
DA:5,1
DA:7,1
DA:8,1
DA:16,1
DA:21,1
DA:22,1
DA:23,1
DA:25,0
DA:26,0
DA:29,0
DA:30,0
DA:32,0
DA:33,0
DA:35,0
DA:41,0
DA:44,1
DA:49,1
DA:50,1
DA:55,1
DA:56,1
DA:61,1
DA:67,1
DA:68,0
DA:70,0
DA:72,0
DA:74,0
DA:76,0
DA:78,0
DA:80,0
DA:83,0
DA:86,0
DA:93,0
DA:95,1
DA:104,1
DA:111,2
DA:113,2
DA:114,2
DA:117,2
DA:118,2
DA:120,2
DA:121,1
DA:123,1
DA:125,2
DA:126,2
DA:134,1
DA:135,1
DA:138,1
DA:142,1
DA:143,0
DA:149,1
DA:150,0
DA:153,0
DA:157,0
DA:158,0
DA:160,0
DA:162,0
DA:164,0
DA:166,0
DA:168,0
DA:169,0
DA:171,0
DA:182,1
DA:185,0
DA:186,0
DA:187,0
DA:188,0
DA:189,0
DA:191,0
DA:197,0
LF:73
LH:36
BRDA:25,0,0,0
BRDA:25,0,1,0
BRDA:50,1,0,1
BRDA:50,1,1,1
BRDA:50,1,2,1
BRDA:67,2,0,0
BRDA:67,2,1,1
BRDA:68,3,0,0
BRDA:68,3,1,0
BRDA:70,4,0,0
BRDA:70,4,1,0
BRDA:72,5,0,0
BRDA:72,5,1,0
BRDA:74,6,0,0
BRDA:74,6,1,0
BRDA:76,7,0,0
BRDA:76,7,1,0
BRDA:113,8,0,2
BRDA:113,8,1,0
BRDA:118,9,0,0
BRDA:118,9,1,2
BRDA:120,10,0,1
BRDA:120,10,1,1
BRDA:157,11,0,0
BRDA:157,11,1,0
BRDA:158,12,0,0
BRDA:158,12,1,0
BRDA:160,13,0,0
BRDA:160,13,1,0
BRDA:162,14,0,0
BRDA:162,14,1,0
BRDA:164,15,0,0
BRDA:164,15,1,0
BRDA:166,16,0,0
BRDA:166,16,1,0
BRDA:187,17,0,0
BRDA:187,17,1,0
BRF:37
BRH:8
end_of_record
TN:
SF:controllers\user.controller.js
FN:12,(anonymous_0)
FN:29,(anonymous_1)
FN:45,(anonymous_2)
FN:66,(anonymous_3)
FN:87,(anonymous_4)
FN:106,(anonymous_5)
FN:134,(anonymous_6)
FN:162,(anonymous_7)
FNF:8
FNH:8
FNDA:2,(anonymous_0)
FNDA:2,(anonymous_1)
FNDA:2,(anonymous_2)
FNDA:2,(anonymous_3)
FNDA:2,(anonymous_4)
FNDA:10,(anonymous_5)
FNDA:3,(anonymous_6)
FNDA:3,(anonymous_7)
DA:6,1
DA:7,1
DA:12,1
DA:14,2
DA:15,2
DA:18,1
DA:20,1
DA:29,1
DA:31,2
DA:32,2
DA:33,1
DA:35,1
DA:45,1
DA:48,2
DA:49,2
DA:53,1
DA:56,1
DA:66,1
DA:69,2
DA:70,2
DA:73,1
DA:76,1
DA:87,1
DA:89,2
DA:90,2
DA:93,1
DA:95,1
DA:106,1
DA:108,10
DA:109,10
DA:110,10
DA:111,10
DA:112,2
DA:113,8
DA:114,2
DA:116,6
DA:117,2
DA:118,4
DA:119,2
DA:121,2
DA:123,10
DA:124,5
DA:134,1
DA:135,3
DA:138,3
DA:139,3
DA:142,3
DA:143,2
DA:145,1
DA:150,1
DA:162,1
DA:163,3
DA:164,3
DA:165,3
DA:170,2
DA:171,1
DA:175,1
DA:181,1
LF:58
LH:58
BRDA:111,0,0,2
BRDA:111,0,1,8
BRDA:113,1,0,2
BRDA:113,1,1,6
BRDA:113,2,0,8
BRDA:113,2,1,4
BRDA:116,3,0,2
BRDA:116,3,1,4
BRDA:118,4,0,2
BRDA:118,4,1,2
BRDA:123,5,0,5
BRDA:123,5,1,5
BRDA:142,6,0,2
BRDA:142,6,1,1
BRDA:170,7,0,1
BRDA:170,7,1,1
BRF:16
BRH:16
end_of_record
TN:
SF:models\ticket.model.js
FN:32,(anonymous_0)
FN:36,(anonymous_1)
FNF:2
FNH:0
FNDA:0,(anonymous_0)
FNDA:0,(anonymous_1)
DA:1,1
DA:2,1
DA:4,1
DA:32,0
DA:36,0
DA:40,1
LF:6
LH:4
BRF:0
BRH:0
end_of_record
TN:
SF:models\user.model.js
FN:27,(anonymous_0)
FN:31,(anonymous_1)
FNF:2
FNH:2
FNDA:1,(anonymous_0)
FNDA:1,(anonymous_1)
DA:1,3
DA:3,3
DA:27,1
DA:31,1
DA:53,3
LF:5
LH:5
BRF:0
BRH:0
end_of_record
TN:
SF:tests\db.js
FN:7,(anonymous_0)
FN:20,(anonymous_1)
FN:28,(anonymous_2)
FNF:3
FNH:2
FNDA:1,(anonymous_0)
FNDA:0,(anonymous_1)
FNDA:6,(anonymous_2)
DA:1,1
DA:2,1
DA:7,1
DA:8,1
DA:9,1
DA:10,1
DA:11,1
DA:15,1
DA:20,1
DA:21,0
DA:22,0
DA:23,0
DA:28,1
DA:29,6
DA:30,6
DA:31,6
DA:32,6
LF:17
LH:14
BRDA:8,0,0,1
BRDA:8,0,1,0
BRDA:23,1,0,0
BRDA:23,1,1,0
BRF:4
BRH:1
end_of_record
TN:
SF:tests\intercepter.js
FN:2,(anonymous_0)
FN:8,(anonymous_1)
FNF:2
FNH:2
FNDA:27,(anonymous_0)
FNDA:27,(anonymous_1)
DA:1,3
DA:3,27
DA:4,27
DA:5,27
DA:6,27
DA:9,27
DA:10,27
DA:11,27
DA:12,27
DA:13,27
LF:10
LH:10
BRF:0
BRH:0
end_of_record
TN:
SF:utils\NotificationClient.js
FN:5,(anonymous_0)
FN:19,(anonymous_1)
FNF:2
FNH:0
FNDA:0,(anonymous_0)
FNDA:0,(anonymous_1)
DA:2,1
DA:3,1
DA:5,1
DA:6,0
DA:13,0
DA:17,0
DA:20,0
DA:21,0
LF:8
LH:3
BRF:0
BRH:0
end_of_record
TN:
SF:utils\constants.js
FNF:0
FNH:0
DA:1,2
LF:1
LH:1
BRF:0
BRH:0
end_of_record
TN:
SF:utils\objectConverter.js
FN:1,(anonymous_0)
FN:3,(anonymous_1)
FN:16,(anonymous_2)
FN:30,(anonymous_3)
FN:32,(anonymous_4)
FNF:5
FNH:5
FNDA:7,(anonymous_0)
FNDA:6,(anonymous_1)
FNDA:3,(anonymous_2)
FNDA:2,(anonymous_3)
FNDA:2,(anonymous_4)
DA:1,2
DA:2,7
DA:3,7
DA:4,6
DA:12,6
DA:16,2
DA:17,3
DA:30,2
DA:31,2
DA:32,2
DA:34,2
LF:11
LH:11
BRF:0
BRH:0
end_of_record
